#
# A fatal error has been detected by the Java Runtime Environment:
#
#  EXCEPTION_ACCESS_VIOLATION (0xc0000005) at pc=0x0000000001160290, pid=8464, tid=0x0000000000002784
#
# JRE version: Java(TM) SE Runtime Environment (8.0_92-b14) (build 1.8.0_92-b14)
# Java VM: Java HotSpot(TM) 64-Bit Server VM (25.92-b14 mixed mode windows-amd64 compressed oops)
# Problematic frame:
# C  0x0000000001160290
#
# Failed to write core dump. Minidumps are not enabled by default on client versions of Windows
#
# If you would like to submit a bug report, please visit:
#   http://bugreport.java.com/bugreport/crash.jsp
# The crash happened outside the Java Virtual Machine in native code.
# See problematic frame for where to report the bug.
#

---------------  T H R E A D  ---------------

Current thread (0x000000001751c000):  JavaThread "AWT-EventQueue-0" [_thread_in_native, id=10116, stack(0x00000000184b0000,0x00000000185b0000)]

siginfo: ExceptionCode=0xc0000005, writing address 0x0000000000000000

Registers:
RAX=0x0000000000000000, RBX=0x000000001a398ed0, RCX=0x00000000185ac190, RDX=0x0000000000000000
RSP=0x00000000185ac0e8, RBP=0x000000001d99a590, RSI=0x0000000000000000, RDI=0x00000000185ac190
R8 =0x0000000001160290, R9 =0x6863732d00000005, R10=0x0079746900656d00, R11=0x0000000000000001
R12=0x0000000000000001, R13=0x000000001d99a5b0, R14=0x000000002096e1d0, R15=0x000000002096e1b0
RIP=0x0000000001160290, EFLAGS=0x0000000000010246

Top of Stack: (sp=0x00000000185ac0e8)
0x00000000185ac0e8:   000000006e05985c 00000000185ac190
0x00000000185ac0f8:   0000000000000005 00000000185ac9c8
0x00000000185ac108:   0000000001218670 000000002096e1b0
0x00000000185ac118:   000000001d99a5e0 00007ffafa4bd3c0
0x00000000185ac128:   000000001a2d5630 0000000001218670
0x00000000185ac138:   000000001a2d5660 000000001a2d56a0
0x00000000185ac148:   000000001d99afb0 000000001b924bb0
0x00000000185ac158:   00000000185ac9c8 000000001751c000
0x00000000185ac168:   000000006e05b680 00000000012185f0
0x00000000185ac178:   00000000185ac9c8 0000000001218670
0x00000000185ac188:   000000001a2d5630 0000000000000005
0x00000000185ac198:   000000001d99afb0 0000000000000005
0x00000000185ac1a8:   0000000001218670 000000001a2d5630
0x00000000185ac1b8:   000000006e05df23 000000001a2d5660
0x00000000185ac1c8:   000000001b924bb0 0000000000000000
0x00000000185ac1d8:   00000000185ac338 00000000185ac238 

Instructions: (pc=0x0000000001160290)
0x0000000001160270:   68 ed 1f 01 00 00 00 00 b0 e8 07 e1 fa 7f 00 00
0x0000000001160280:   50 ed 1f 01 00 00 00 00 39 fd 00 00 00 00 00 00
0x0000000001160290:   30 00 0a e1 fa 7f 00 00 30 00 0a e1 fa 7f 00 00
0x00000000011602a0:   49 ba 00 76 08 e1 fa 7f 00 00 41 ff e2 00 00 00 


Register to memory mapping:

RAX=0x0000000000000000 is an unknown value
RBX=0x000000001a398ed0 is an unknown value
RCX=0x00000000185ac190 is pointing into the stack for thread: 0x000000001751c000
RDX=0x0000000000000000 is an unknown value
RSP=0x00000000185ac0e8 is pointing into the stack for thread: 0x000000001751c000
RBP=0x000000001d99a590 is an unknown value
RSI=0x0000000000000000 is an unknown value
RDI=0x00000000185ac190 is pointing into the stack for thread: 0x000000001751c000
R8 =0x0000000001160290 is an unknown value
R9 =0x6863732d00000005 is an unknown value
R10=0x0079746900656d00 is an unknown value
R11=0x0000000000000001 is an unknown value
R12=0x0000000000000001 is an unknown value
R13=0x000000001d99a5b0 is an unknown value
R14=0x000000002096e1d0 is an unknown value
R15=0x000000002096e1b0 is an unknown value


Stack: [0x00000000184b0000,0x00000000185b0000],  sp=0x00000000185ac0e8,  free space=1008k
Native frames: (J=compiled Java code, j=interpreted, Vv=VM code, C=native code)
C  0x0000000001160290

Java frames: (J=compiled Java code, j=interpreted, Vv=VM code)
j  com.sun.jna.Native.invokeVoid(JI[Ljava/lang/Object;)V+0
j  com.sun.jna.Function.invoke([Ljava/lang/Object;Ljava/lang/Class;Z)Ljava/lang/Object;+48
J 3246 C1 com.sun.jna.Function.invoke(Ljava/lang/Class;[Ljava/lang/Object;Ljava/util/Map;)Ljava/lang/Object; (526 bytes) @ 0x0000000003870b74 [0x000000000386f8c0+0x12b4]
J 3245 C1 com.sun.jna.Library$Handler.invoke(Ljava/lang/Object;Ljava/lang/reflect/Method;[Ljava/lang/Object;)Ljava/lang/Object; (345 bytes) @ 0x000000000386cf5c [0x000000000386acc0+0x229c]
j  com.sun.proxy.$Proxy0.libvlc_media_player_stop(Luk/co/caprica/vlcj/binding/internal/libvlc_media_player_t;)V+16
j  uk.co.caprica.vlcj.player.DefaultMediaPlayer.stop()V+17
j  com.components.player.Fourvideo.jButton1ActionPerformed(Ljava/awt/event/ActionEvent;)V+79
j  com.components.player.Fourvideo.access$200(Lcom/components/player/Fourvideo;Ljava/awt/event/ActionEvent;)V+2
j  com.components.player.Fourvideo$6.actionPerformed(Ljava/awt/event/ActionEvent;)V+5
j  javax.swing.AbstractButton.fireActionPerformed(Ljava/awt/event/ActionEvent;)V+83
j  javax.swing.AbstractButton$Handler.actionPerformed(Ljava/awt/event/ActionEvent;)V+5
j  javax.swing.DefaultButtonModel.fireActionPerformed(Ljava/awt/event/ActionEvent;)V+34
j  javax.swing.DefaultButtonModel.setPressed(Z)V+117
j  javax.swing.plaf.basic.BasicButtonListener.mouseReleased(Ljava/awt/event/MouseEvent;)V+35
j  java.awt.AWTEventMulticaster.mouseReleased(Ljava/awt/event/MouseEvent;)V+8
J 2746 C1 java.awt.Component.processMouseEvent(Ljava/awt/event/MouseEvent;)V (100 bytes) @ 0x00000000030156bc [0x0000000003015320+0x39c]
J 2745 C1 javax.swing.JComponent.processMouseEvent(Ljava/awt/event/MouseEvent;)V (27 bytes) @ 0x00000000034df47c [0x00000000034df260+0x21c]
J 2016 C1 java.awt.Component.processEvent(Ljava/awt/AWTEvent;)V (220 bytes) @ 0x00000000035561a4 [0x0000000003555c80+0x524]
J 1935 C1 java.awt.Container.processEvent(Ljava/awt/AWTEvent;)V (22 bytes) @ 0x0000000003508e8c [0x0000000003508b60+0x32c]
J 1740 C1 java.awt.Component.dispatchEventImpl(Ljava/awt/AWTEvent;)V (883 bytes) @ 0x0000000003477ddc [0x0000000003472900+0x54dc]
J 1453 C1 java.awt.Container.dispatchEventImpl(Ljava/awt/AWTEvent;)V (129 bytes) @ 0x0000000003370b04 [0x00000000033709c0+0x144]
J 1951 C1 java.awt.LightweightDispatcher.retargetMouseEvent(Ljava/awt/Component;ILjava/awt/event/MouseEvent;)V (350 bytes) @ 0x0000000003515b6c [0x0000000003513600+0x256c]
J 1834 C1 java.awt.LightweightDispatcher.processMouseEvent(Ljava/awt/event/MouseEvent;)Z (286 bytes) @ 0x00000000034cbe24 [0x00000000034ca700+0x1724]
J 1771 C1 java.awt.LightweightDispatcher.dispatchEvent(Ljava/awt/AWTEvent;)Z (73 bytes) @ 0x000000000349e5bc [0x000000000349e180+0x43c]
J 1453 C1 java.awt.Container.dispatchEventImpl(Ljava/awt/AWTEvent;)V (129 bytes) @ 0x0000000003370aa4 [0x00000000033709c0+0xe4]
J 1785 C1 java.awt.Window.dispatchEventImpl(Ljava/awt/AWTEvent;)V (23 bytes) @ 0x00000000034ad8a4 [0x00000000034ad2c0+0x5e4]
J 1429 C1 java.awt.EventQueue.dispatchEventImpl(Ljava/awt/AWTEvent;Ljava/lang/Object;)V (149 bytes) @ 0x000000000335e73c [0x000000000335cf00+0x183c]
J 1434 C1 java.awt.EventQueue$3.run()Ljava/lang/Void; (60 bytes) @ 0x000000000335fb0c [0x000000000335f900+0x20c]
J 1219 C1 java.awt.EventQueue$3.run()Ljava/lang/Object; (5 bytes) @ 0x00000000032b284c [0x00000000032b27c0+0x8c]
v  ~StubRoutines::call_stub
J 1113  java.security.AccessController.doPrivileged(Ljava/security/PrivilegedAction;Ljava/security/AccessControlContext;)Ljava/lang/Object; (0 bytes) @ 0x000000000327e726 [0x000000000327e6c0+0x66]
J 1768 C1 java.awt.EventQueue$4.run()Ljava/lang/Object; (5 bytes) @ 0x000000000349b9ac [0x000000000349b580+0x42c]
v  ~StubRoutines::call_stub
J 1113  java.security.AccessController.doPrivileged(Ljava/security/PrivilegedAction;Ljava/security/AccessControlContext;)Ljava/lang/Object; (0 bytes) @ 0x000000000327e726 [0x000000000327e6c0+0x66]
J 1217 C1 java.awt.EventQueue.dispatchEvent(Ljava/awt/AWTEvent;)V (80 bytes) @ 0x00000000032b137c [0x00000000032b0500+0xe7c]
J 1435 C1 java.awt.EventDispatchThread.pumpOneEventForFilters(I)V (295 bytes) @ 0x0000000003362074 [0x00000000033603c0+0x1cb4]
j  java.awt.EventDispatchThread.pumpEventsForFilter(ILjava/awt/Conditional;Ljava/awt/EventFilter;)V+35
j  java.awt.EventDispatchThread.pumpEventsForHierarchy(ILjava/awt/Conditional;Ljava/awt/Component;)V+11
j  java.awt.EventDispatchThread.pumpEvents(ILjava/awt/Conditional;)V+4
j  java.awt.EventDispatchThread.pumpEvents(Ljava/awt/Conditional;)V+3
j  java.awt.EventDispatchThread.run()V+9
v  ~StubRoutines::call_stub

---------------  P R O C E S S  ---------------

Java Threads: ( => current thread )
  0x000000001956c800 JavaThread "pool-10-thread-1" [_thread_blocked, id=13972, stack(0x000000001ed20000,0x000000001ee20000)]
  0x0000000018ed9800 JavaThread "TimerQueue" daemon [_thread_blocked, id=9604, stack(0x000000001b790000,0x000000001b890000)]
  0x0000000002d8d800 JavaThread "DestroyJavaVM" [_thread_blocked, id=5664, stack(0x0000000002c40000,0x0000000002d40000)]
=>0x000000001751c000 JavaThread "AWT-EventQueue-0" [_thread_in_native, id=10116, stack(0x00000000184b0000,0x00000000185b0000)]
  0x0000000017016000 JavaThread "AWT-Windows" daemon [_thread_in_native, id=2184, stack(0x0000000017e90000,0x0000000017f90000)]
  0x0000000017015000 JavaThread "AWT-Shutdown" [_thread_blocked, id=11500, stack(0x0000000017d90000,0x0000000017e90000)]
  0x0000000017014800 JavaThread "Java2D Disposer" daemon [_thread_blocked, id=9596, stack(0x0000000017c90000,0x0000000017d90000)]
  0x0000000016de8800 JavaThread "Service Thread" daemon [_thread_blocked, id=8104, stack(0x00000000171b0000,0x00000000172b0000)]
  0x0000000015478800 JavaThread "C1 CompilerThread2" daemon [_thread_blocked, id=11756, stack(0x0000000016cb0000,0x0000000016db0000)]
  0x0000000015475800 JavaThread "C2 CompilerThread1" daemon [_thread_blocked, id=10136, stack(0x0000000016bb0000,0x0000000016cb0000)]
  0x0000000015471000 JavaThread "C2 CompilerThread0" daemon [_thread_blocked, id=10700, stack(0x0000000016ab0000,0x0000000016bb0000)]
  0x0000000015470000 JavaThread "Attach Listener" daemon [_thread_blocked, id=6300, stack(0x00000000169b0000,0x0000000016ab0000)]
  0x000000001546d000 JavaThread "Signal Dispatcher" daemon [_thread_blocked, id=9660, stack(0x00000000168b0000,0x00000000169b0000)]
  0x000000001545a800 JavaThread "Finalizer" daemon [_thread_blocked, id=13164, stack(0x00000000166d0000,0x00000000167d0000)]
  0x0000000002e82000 JavaThread "Reference Handler" daemon [_thread_blocked, id=7656, stack(0x00000000165d0000,0x00000000166d0000)]

Other Threads:
  0x0000000015437000 VMThread [stack: 0x00000000164d0000,0x00000000165d0000] [id=5812]
  0x0000000016df1000 WatcherThread [stack: 0x00000000172b0000,0x00000000173b0000] [id=1084]

VM state:not at safepoint (normal execution)

VM Mutex/Monitor currently owned by a thread: None

Heap:
 PSYoungGen      total 27136K, used 682K [0x00000000eb380000, 0x00000000eea80000, 0x0000000100000000)
  eden space 16384K, 4% used [0x00000000eb380000,0x00000000eb42a9c8,0x00000000ec380000)
  from space 10752K, 0% used [0x00000000ec380000,0x00000000ec380000,0x00000000ece00000)
  to   space 11776K, 0% used [0x00000000edf00000,0x00000000edf00000,0x00000000eea80000)
 ParOldGen       total 52224K, used 24891K [0x00000000c1a00000, 0x00000000c4d00000, 0x00000000eb380000)
  object space 52224K, 47% used [0x00000000c1a00000,0x00000000c324ee20,0x00000000c4d00000)
 Metaspace       used 20875K, capacity 21188K, committed 21552K, reserved 1069056K
  class space    used 2521K, capacity 2614K, committed 2688K, reserved 1048576K

Card table byte_map: [0x0000000012250000,0x0000000012450000] byte_map_base: 0x0000000011c43000

Marking Bits: (ParMarkBitMap*) 0x000000006ed164f0
 Begin Bits: [0x00000000129a0000, 0x0000000013938000)
 End Bits:   [0x0000000013938000, 0x00000000148d0000)

Polling page: 0x0000000002bd0000

CodeCache: size=245760Kb used=10023Kb max_used=10094Kb free=235736Kb
 bounds [0x0000000002e90000, 0x0000000003880000, 0x0000000011e90000]
 total_blobs=3517 nmethods=2909 adapters=517
 compilation: enabled

Compilation events (10 events):
Event: 74.767 Thread 0x0000000015478800 3257       3       java.lang.ClassLoader::defineClassSourceLocation (28 bytes)
Event: 74.768 Thread 0x0000000015478800 nmethod 3257 0x000000000343a850 code [0x000000000343a9e0, 0x000000000343b008]
Event: 74.769 Thread 0x0000000015478800 3260       3       java.lang.ClassLoader::postDefineClass (26 bytes)
Event: 74.769 Thread 0x0000000015478800 nmethod 3260 0x000000000364eb10 code [0x000000000364eca0, 0x000000000364f1f8]
Event: 74.770 Thread 0x0000000015478800 3261       3       java.net.URLClassLoader::getAndVerifyPackage (109 bytes)
Event: 74.773 Thread 0x0000000015478800 nmethod 3261 0x000000000324c410 code [0x000000000324c700, 0x000000000324de88]
Event: 74.774 Thread 0x0000000015478800 3262       3       java.util.zip.ZipFile$ZipFileInputStream::finalize (5 bytes)
Event: 74.774 Thread 0x0000000015478800 nmethod 3262 0x00000000032c33d0 code [0x00000000032c3540, 0x00000000032c36e8]
Event: 74.775 Thread 0x0000000015478800 3263       3       java.util.zip.ZipFile$ZipFileInflaterInputStream::finalize (5 bytes)
Event: 74.775 Thread 0x0000000015478800 nmethod 3263 0x00000000032955d0 code [0x0000000003295740, 0x00000000032958e8]

GC Heap History (10 events):
Event: 53.113 GC heap before
{Heap before GC invocations=4 (full 0):
 PSYoungGen      total 18944K, used 18919K [0x00000000eb380000, 0x00000000ed880000, 0x0000000100000000)
  eden space 16384K, 100% used [0x00000000eb380000,0x00000000ec380000,0x00000000ec380000)
  from space 2560K, 99% used [0x00000000ec380000,0x00000000ec5f9e60,0x00000000ec600000)
  to   space 2560K, 0% used [0x00000000ed600000,0x00000000ed600000,0x00000000ed880000)
 ParOldGen       total 44032K, used 17964K [0x00000000c1a00000, 0x00000000c4500000, 0x00000000eb380000)
  object space 44032K, 40% used [0x00000000c1a00000,0x00000000c2b8b260,0x00000000c4500000)
 Metaspace       used 18650K, capacity 18902K, committed 19328K, reserved 1067008K
  class space    used 2240K, capacity 2329K, committed 2432K, reserved 1048576K
Event: 53.123 GC heap after
Heap after GC invocations=4 (full 0):
 PSYoungGen      total 18944K, used 2531K [0x00000000eb380000, 0x00000000ed880000, 0x0000000100000000)
  eden space 16384K, 0% used [0x00000000eb380000,0x00000000eb380000,0x00000000ec380000)
  from space 2560K, 98% used [0x00000000ed600000,0x00000000ed878db0,0x00000000ed880000)
  to   space 2560K, 0% used [0x00000000ec380000,0x00000000ec380000,0x00000000ec600000)
 ParOldGen       total 44032K, used 21842K [0x00000000c1a00000, 0x00000000c4500000, 0x00000000eb380000)
  object space 44032K, 49% used [0x00000000c1a00000,0x00000000c2f54920,0x00000000c4500000)
 Metaspace       used 18650K, capacity 18902K, committed 19328K, reserved 1067008K
  class space    used 2240K, capacity 2329K, committed 2432K, reserved 1048576K
}
Event: 71.729 GC heap before
{Heap before GC invocations=5 (full 0):
 PSYoungGen      total 18944K, used 18915K [0x00000000eb380000, 0x00000000ed880000, 0x0000000100000000)
  eden space 16384K, 100% used [0x00000000eb380000,0x00000000ec380000,0x00000000ec380000)
  from space 2560K, 98% used [0x00000000ed600000,0x00000000ed878db0,0x00000000ed880000)
  to   space 2560K, 0% used [0x00000000ec380000,0x00000000ec380000,0x00000000ec600000)
 ParOldGen       total 44032K, used 21842K [0x00000000c1a00000, 0x00000000c4500000, 0x00000000eb380000)
  object space 44032K, 49% used [0x00000000c1a00000,0x00000000c2f54920,0x00000000c4500000)
 Metaspace       used 20666K, capacity 20978K, committed 21120K, reserved 1067008K
  class space    used 2499K, capacity 2611K, committed 2688K, reserved 1048576K
Event: 71.743 GC heap after
Heap after GC invocations=5 (full 0):
 PSYoungGen      total 18944K, used 2538K [0x00000000eb380000, 0x00000000ed880000, 0x0000000100000000)
  eden space 16384K, 0% used [0x00000000eb380000,0x00000000eb380000,0x00000000ec380000)
  from space 2560K, 99% used [0x00000000ec380000,0x00000000ec5fa850,0x00000000ec600000)
  to   space 10752K, 0% used [0x00000000ece00000,0x00000000ece00000,0x00000000ed880000)
 ParOldGen       total 44032K, used 24355K [0x00000000c1a00000, 0x00000000c4500000, 0x00000000eb380000)
  object space 44032K, 55% used [0x00000000c1a00000,0x00000000c31c8e10,0x00000000c4500000)
 Metaspace       used 20666K, capacity 20978K, committed 21120K, reserved 1067008K
  class space    used 2499K, capacity 2611K, committed 2688K, reserved 1048576K
}
Event: 72.033 GC heap before
{Heap before GC invocations=6 (full 0):
 PSYoungGen      total 18944K, used 18922K [0x00000000eb380000, 0x00000000ed880000, 0x0000000100000000)
  eden space 16384K, 100% used [0x00000000eb380000,0x00000000ec380000,0x00000000ec380000)
  from space 2560K, 99% used [0x00000000ec380000,0x00000000ec5fa850,0x00000000ec600000)
  to   space 10752K, 0% used [0x00000000ece00000,0x00000000ece00000,0x00000000ed880000)
 ParOldGen       total 44032K, used 24355K [0x00000000c1a00000, 0x00000000c4500000, 0x00000000eb380000)
  object space 44032K, 55% used [0x00000000c1a00000,0x00000000c31c8e10,0x00000000c4500000)
 Metaspace       used 20802K, capacity 21060K, committed 21296K, reserved 1069056K
  class space    used 2508K, capacity 2614K, committed 2688K, reserved 1048576K
Event: 72.046 GC heap after
Heap after GC invocations=6 (full 0):
 PSYoungGen      total 27136K, used 6956K [0x00000000eb380000, 0x00000000ee880000, 0x0000000100000000)
  eden space 16384K, 0% used [0x00000000eb380000,0x00000000eb380000,0x00000000ec380000)
  from space 10752K, 64% used [0x00000000ece00000,0x00000000ed4cb060,0x00000000ed880000)
  to   space 10752K, 0% used [0x00000000ec380000,0x00000000ec380000,0x00000000ece00000)
 ParOldGen       total 44032K, used 32551K [0x00000000c1a00000, 0x00000000c4500000, 0x00000000eb380000)
  object space 44032K, 73% used [0x00000000c1a00000,0x00000000c39c9e30,0x00000000c4500000)
 Metaspace       used 20802K, capacity 21060K, committed 21296K, reserved 1069056K
  class space    used 2508K, capacity 2614K, committed 2688K, reserved 1048576K
}
Event: 74.627 GC heap before
{Heap before GC invocations=7 (full 0):
 PSYoungGen      total 27136K, used 22587K [0x00000000eb380000, 0x00000000ee880000, 0x0000000100000000)
  eden space 16384K, 95% used [0x00000000eb380000,0x00000000ec2c3d50,0x00000000ec380000)
  from space 10752K, 64% used [0x00000000ece00000,0x00000000ed4cb060,0x00000000ed880000)
  to   space 10752K, 0% used [0x00000000ec380000,0x00000000ec380000,0x00000000ece00000)
 ParOldGen       total 44032K, used 32551K [0x00000000c1a00000, 0x00000000c4500000, 0x00000000eb380000)
  object space 44032K, 73% used [0x00000000c1a00000,0x00000000c39c9e30,0x00000000c4500000)
 Metaspace       used 20851K, capacity 21124K, committed 21296K, reserved 1069056K
  class space    used 2510K, capacity 2614K, committed 2688K, reserved 1048576K
Event: 74.642 GC heap after
Heap after GC invocations=7 (full 0):
 PSYoungGen      total 27136K, used 10654K [0x00000000eb380000, 0x00000000eea80000, 0x0000000100000000)
  eden space 16384K, 0% used [0x00000000eb380000,0x00000000eb380000,0x00000000ec380000)
  from space 10752K, 99% used [0x00000000ec380000,0x00000000ecde7860,0x00000000ece00000)
  to   space 11776K, 0% used [0x00000000edf00000,0x00000000edf00000,0x00000000eea80000)
 ParOldGen       total 44032K, used 37193K [0x00000000c1a00000, 0x00000000c4500000, 0x00000000eb380000)
  object space 44032K, 84% used [0x00000000c1a00000,0x00000000c3e526b0,0x00000000c4500000)
 Metaspace       used 20851K, capacity 21124K, committed 21296K, reserved 1069056K
  class space    used 2510K, capacity 2614K, committed 2688K, reserved 1048576K
}
Event: 74.643 GC heap before
{Heap before GC invocations=8 (full 1):
 PSYoungGen      total 27136K, used 10654K [0x00000000eb380000, 0x00000000eea80000, 0x0000000100000000)
  eden space 16384K, 0% used [0x00000000eb380000,0x00000000eb380000,0x00000000ec380000)
  from space 10752K, 99% used [0x00000000ec380000,0x00000000ecde7860,0x00000000ece00000)
  to   space 11776K, 0% used [0x00000000edf00000,0x00000000edf00000,0x00000000eea80000)
 ParOldGen       total 44032K, used 37193K [0x00000000c1a00000, 0x00000000c4500000, 0x00000000eb380000)
  object space 44032K, 84% used [0x00000000c1a00000,0x00000000c3e526b0,0x00000000c4500000)
 Metaspace       used 20851K, capacity 21124K, committed 21296K, reserved 1069056K
  class space    used 2510K, capacity 2614K, committed 2688K, reserved 1048576K
Event: 74.717 GC heap after
Heap after GC invocations=8 (full 1):
 PSYoungGen      total 27136K, used 0K [0x00000000eb380000, 0x00000000eea80000, 0x0000000100000000)
  eden space 16384K, 0% used [0x00000000eb380000,0x00000000eb380000,0x00000000ec380000)
  from space 10752K, 0% used [0x00000000ec380000,0x00000000ec380000,0x00000000ece00000)
  to   space 11776K, 0% used [0x00000000edf00000,0x00000000edf00000,0x00000000eea80000)
 ParOldGen       total 52224K, used 24891K [0x00000000c1a00000, 0x00000000c4d00000, 0x00000000eb380000)
  object space 52224K, 47% used [0x00000000c1a00000,0x00000000c324ee20,0x00000000c4d00000)
 Metaspace       used 20851K, capacity 21124K, committed 21296K, reserved 1069056K
  class space    used 2510K, capacity 2614K, committed 2688K, reserved 1048576K
}

Deoptimization events (10 events):
Event: 71.339 Thread 0x000000001751c000 Uncommon trap: reason=class_check action=maybe_recompile pc=0x0000000003480994 method=java.io.DataOutputStream.writeByte(I)V @ 5
Event: 71.339 Thread 0x000000001751c000 Uncommon trap: reason=class_check action=maybe_recompile pc=0x0000000003480994 method=java.io.DataOutputStream.writeByte(I)V @ 5
Event: 71.670 Thread 0x000000001956a800 Uncommon trap: reason=unstable_if action=reinterpret pc=0x00000000033541a0 method=java.security.AccessControlContext.optimize()Ljava/security/AccessControlContext; @ 49
Event: 71.670 Thread 0x000000001956a800 Uncommon trap: reason=unstable_if action=reinterpret pc=0x00000000036d57fc method=java.security.AccessControlContext.calculateFields(Ljava/security/AccessControlContext;Ljava/security/AccessControlContext;[Ljava/security/Permission;)V @ 21
Event: 71.876 Thread 0x000000001751c000 Uncommon trap: reason=null_check action=make_not_entrant pc=0x00000000032ca950 method=sun.java2d.SurfaceData.getSourceSurfaceData(Ljava/awt/Image;ILsun/java2d/loops/CompositeType;Ljava/awt/Color;)Lsun/java2d/SurfaceData; @ 38
Event: 71.889 Thread 0x000000001751c000 Uncommon trap: reason=unstable_if action=reinterpret pc=0x00000000032275fc method=sun.java2d.pipe.Region.isInsideXYXY(IIII)Z @ 30
Event: 72.072 Thread 0x00000000196d8000 Uncommon trap: reason=null_check action=make_not_entrant pc=0x000000000383a790 method=com.sun.jna.Native.getNativeSize(Ljava/lang/Class;Ljava/lang/Object;)I @ 83
Event: 72.072 Thread 0x00000000196d9800 Uncommon trap: reason=null_check action=make_not_entrant pc=0x000000000383a790 method=com.sun.jna.Native.getNativeSize(Ljava/lang/Class;Ljava/lang/Object;)I @ 83
Event: 72.243 Thread 0x0000000019053000 Uncommon trap: reason=null_check action=make_not_entrant pc=0x000000000327a178 method=com.sun.jna.Native.getNativeSize(Ljava/lang/Class;)I @ 23
Event: 73.400 Thread 0x000000001751c000 Uncommon trap: reason=unstable_if action=reinterpret pc=0x00000000034cd808 method=java.awt.Container.findComponentAtImpl(IIZ)Ljava/awt/Component; @ 103

Internal exceptions (10 events):
Event: 74.767 Thread 0x000000001545a800 Exception <a 'java/net/SocketException': Socket closed> (0x00000000eb40aee0) thrown at [D:\re\workspace\8-2-build-windows-amd64-cygwin\jdk8u92\6642\hotspot\src\share\vm\prims\jni.cpp, line 735]
Event: 74.768 Thread 0x000000001545a800 Exception <a 'java/net/SocketException': Socket closed> (0x00000000eb40b468) thrown at [D:\re\workspace\8-2-build-windows-amd64-cygwin\jdk8u92\6642\hotspot\src\share\vm\prims\jni.cpp, line 735]
Event: 74.769 Thread 0x000000001545a800 Exception <a 'java/lang/reflect/InvocationTargetException'> (0x00000000eb40e080) thrown at [D:\re\workspace\8-2-build-windows-amd64-cygwin\jdk8u92\6642\hotspot\src\share\vm\runtime\reflection.cpp, line 1092]
Event: 74.769 Thread 0x000000001545a800 Exception <a 'java/net/SocketException': Socket closed> (0x00000000eb40e2d8) thrown at [D:\re\workspace\8-2-build-windows-amd64-cygwin\jdk8u92\6642\hotspot\src\share\vm\prims\jni.cpp, line 735]
Event: 74.770 Thread 0x000000001545a800 Exception <a 'java/net/SocketException': Socket closed> (0x00000000eb40e7b8) thrown at [D:\re\workspace\8-2-build-windows-amd64-cygwin\jdk8u92\6642\hotspot\src\share\vm\prims\jni.cpp, line 735]
Event: 74.771 Thread 0x000000001545a800 Exception <a 'java/lang/reflect/InvocationTargetException'> (0x00000000eb4113d0) thrown at [D:\re\workspace\8-2-build-windows-amd64-cygwin\jdk8u92\6642\hotspot\src\share\vm\runtime\reflection.cpp, line 1092]
Event: 74.771 Thread 0x000000001545a800 Exception <a 'java/net/SocketException': Socket closed> (0x00000000eb411628) thrown at [D:\re\workspace\8-2-build-windows-amd64-cygwin\jdk8u92\6642\hotspot\src\share\vm\prims\jni.cpp, line 735]
Event: 74.772 Thread 0x000000001545a800 Exception <a 'java/net/SocketException': Socket closed> (0x00000000eb411c20) thrown at [D:\re\workspace\8-2-build-windows-amd64-cygwin\jdk8u92\6642\hotspot\src\share\vm\prims\jni.cpp, line 735]
Event: 74.772 Thread 0x000000001545a800 Exception <a 'java/lang/reflect/InvocationTargetException'> (0x00000000eb414838) thrown at [D:\re\workspace\8-2-build-windows-amd64-cygwin\jdk8u92\6642\hotspot\src\share\vm\runtime\reflection.cpp, line 1092]
Event: 74.772 Thread 0x000000001545a800 Exception <a 'java/net/SocketException': Socket closed> (0x00000000eb414a90) thrown at [D:\re\workspace\8-2-build-windows-amd64-cygwin\jdk8u92\6642\hotspot\src\share\vm\prims\jni.cpp, line 735]

Events (10 events):
Event: 74.773 Executing VM operation: RevokeBias done
Event: 74.773 Thread 0x000000001956b000 Thread exited: 0x000000001956b000
Event: 74.773 Executing VM operation: RevokeBias
Event: 74.773 Executing VM operation: RevokeBias done
Event: 74.773 Executing VM operation: RevokeBias
Event: 74.774 Executing VM operation: RevokeBias done
Event: 74.774 Thread 0x0000000019569000 Thread exited: 0x0000000019569000
Event: 74.774 Thread 0x0000000015478800 flushing nmethod 0x000000000366a9d0
Event: 74.774 Thread 0x0000000015478800 flushing nmethod 0x00000000036a8e90
Event: 74.774 Thread 0x0000000015478800 flushing nmethod 0x00000000036d3510


Dynamic libraries:
0x00007ff781350000 - 0x00007ff781387000 	C:\Program Files\Java\jdk1.8.0_92\jre\bin\java.exe
0x00007ffafad60000 - 0x00007ffafaf21000 	C:\WINDOWS\SYSTEM32\ntdll.dll
0x00007ffafa6a0000 - 0x00007ffafa74d000 	C:\WINDOWS\system32\KERNEL32.DLL
0x00007ffaf7720000 - 0x00007ffaf7908000 	C:\WINDOWS\system32\KERNELBASE.dll
0x00007ffaf8590000 - 0x00007ffaf8637000 	C:\WINDOWS\system32\ADVAPI32.dll
0x00007ffafa090000 - 0x00007ffafa12d000 	C:\WINDOWS\system32\msvcrt.dll
0x00007ffafa140000 - 0x00007ffafa19b000 	C:\WINDOWS\system32\sechost.dll
0x00007ffafa580000 - 0x00007ffafa69c000 	C:\WINDOWS\system32\RPCRT4.dll
0x00007ffafa350000 - 0x00007ffafa4a6000 	C:\WINDOWS\system32\USER32.dll
0x00007ffafa750000 - 0x00007ffafa8d6000 	C:\WINDOWS\system32\GDI32.dll
0x00007ffaeb0c0000 - 0x00007ffaeb334000 	C:\WINDOWS\WinSxS\amd64_microsoft.windows.common-controls_6595b64144ccf1df_6.0.10586.494_none_a2d8b04ea53e3145\COMCTL32.dll
0x00007ffaf9de0000 - 0x00007ffafa05d000 	C:\WINDOWS\system32\combase.dll
0x00007ffaf7910000 - 0x00007ffaf797a000 	C:\WINDOWS\system32\bcryptPrimitives.dll
0x00007ffafa940000 - 0x00007ffafa97b000 	C:\WINDOWS\system32\IMM32.DLL
0x000000006e420000 - 0x000000006e4f2000 	C:\Program Files\Java\jdk1.8.0_92\jre\bin\msvcr100.dll
0x000000006e500000 - 0x000000006ed96000 	C:\Program Files\Java\jdk1.8.0_92\jre\bin\server\jvm.dll
0x00007ffafa060000 - 0x00007ffafa068000 	C:\WINDOWS\system32\PSAPI.DLL
0x00007ffaf5660000 - 0x00007ffaf5683000 	C:\WINDOWS\SYSTEM32\WINMM.dll
0x00007ffae8000000 - 0x00007ffae8009000 	C:\WINDOWS\SYSTEM32\WSOCK32.dll
0x00007ffaea790000 - 0x00007ffaea79a000 	C:\WINDOWS\SYSTEM32\VERSION.dll
0x00007ffafa4b0000 - 0x00007ffafa51b000 	C:\WINDOWS\system32\WS2_32.dll
0x0000000002c00000 - 0x0000000002c2c000 	C:\WINDOWS\SYSTEM32\WINMMBASE.dll
0x00007ffaf8080000 - 0x00007ffaf80c3000 	C:\WINDOWS\system32\cfgmgr32.dll
0x000000006e3d0000 - 0x000000006e3df000 	C:\Program Files\Java\jdk1.8.0_92\jre\bin\verify.dll
0x000000006e3a0000 - 0x000000006e3c9000 	C:\Program Files\Java\jdk1.8.0_92\jre\bin\java.dll
0x000000006e380000 - 0x000000006e396000 	C:\Program Files\Java\jdk1.8.0_92\jre\bin\zip.dll
0x00007ffaf86c0000 - 0x00007ffaf9c1c000 	C:\WINDOWS\system32\SHELL32.dll
0x00007ffaf7980000 - 0x00007ffaf7fc5000 	C:\WINDOWS\system32\windows.storage.dll
0x00007ffafa520000 - 0x00007ffafa572000 	C:\WINDOWS\system32\shlwapi.dll
0x00007ffaf7400000 - 0x00007ffaf740f000 	C:\WINDOWS\system32\kernel.appcore.dll
0x00007ffaf75e0000 - 0x00007ffaf7695000 	C:\WINDOWS\system32\shcore.dll
0x00007ffaf7390000 - 0x00007ffaf73db000 	C:\WINDOWS\system32\powrprof.dll
0x00007ffaf73e0000 - 0x00007ffaf73f4000 	C:\WINDOWS\system32\profapi.dll
0x000000006e1a0000 - 0x000000006e338000 	C:\Program Files\Java\jdk1.8.0_92\jre\bin\awt.dll
0x00007ffafab80000 - 0x00007ffafac41000 	C:\WINDOWS\system32\OLEAUT32.dll
0x00007ffaf5b70000 - 0x00007ffaf5be9000 	C:\WINDOWS\system32\apphelp.dll
0x00007ffaf5db0000 - 0x00007ffaf5e46000 	C:\WINDOWS\system32\uxtheme.dll
0x00007ffaf9c80000 - 0x00007ffaf9dda000 	C:\WINDOWS\system32\MSCTF.dll
0x00007ffaf53d0000 - 0x00007ffaf53f2000 	C:\WINDOWS\system32\dwmapi.dll
0x00007ffafa980000 - 0x00007ffafaac3000 	C:\WINDOWS\system32\ole32.dll
0x000000006e150000 - 0x000000006e197000 	C:\Program Files\Java\jdk1.8.0_92\jre\bin\fontmanager.dll
0x000000006e360000 - 0x000000006e37a000 	C:\Program Files\Java\jdk1.8.0_92\jre\bin\net.dll
0x00007ffaf6c50000 - 0x00007ffaf6cac000 	C:\WINDOWS\system32\mswsock.dll
0x00007ffaf5d00000 - 0x00007ffaf5daa000 	C:\WINDOWS\SYSTEM32\DNSAPI.dll
0x00007ffafa130000 - 0x00007ffafa138000 	C:\WINDOWS\system32\NSI.dll
0x00007ffaea710000 - 0x00007ffaea71a000 	C:\Windows\System32\rasadhlp.dll
0x00007ffaef140000 - 0x00007ffaef1a7000 	C:\WINDOWS\System32\fwpuclnt.dll
0x00007ffaf72b0000 - 0x00007ffaf72d9000 	C:\WINDOWS\SYSTEM32\bcrypt.dll
0x000000006e080000 - 0x000000006e0b1000 	C:\Program Files\Java\jdk1.8.0_92\jre\bin\jpeg.dll
0x000000006e340000 - 0x000000006e351000 	C:\Program Files\Java\jdk1.8.0_92\jre\bin\nio.dll
0x000000006e100000 - 0x000000006e142000 	C:\Program Files\Java\jdk1.8.0_92\jre\bin\t2k.dll
0x000000006e0c0000 - 0x000000006e0ea000 	C:\Program Files\Java\jdk1.8.0_92\jre\bin\dcpr.dll
0x00007ffafaad0000 - 0x00007ffafab77000 	C:\WINDOWS\system32\clbcatq.dll
0x00007ffaf4d80000 - 0x00007ffaf4f31000 	C:\WINDOWS\SYSTEM32\WindowsCodecs.dll
0x00007ffaeab00000 - 0x00007ffaeab4a000 	C:\WINDOWS\system32\dataexchange.dll
0x00007ffaf5780000 - 0x00007ffaf5863000 	C:\WINDOWS\system32\dcomp.dll
0x00007ffaf5120000 - 0x00007ffaf53c8000 	C:\WINDOWS\system32\d3d11.dll
0x00007ffaf4f40000 - 0x00007ffaf4fe2000 	C:\WINDOWS\system32\dxgi.dll
0x00007ffaf5ea0000 - 0x00007ffaf5fa0000 	C:\WINDOWS\system32\twinapi.appcore.dll
0x00007ffaf6d00000 - 0x00007ffaf6d17000 	C:\WINDOWS\SYSTEM32\CRYPTSP.dll
0x00007ffaf6990000 - 0x00007ffaf69c4000 	C:\WINDOWS\system32\rsaenh.dll
0x00007ffaf6ae0000 - 0x00007ffaf6aff000 	C:\WINDOWS\SYSTEM32\USERENV.dll
0x00007ffaf72a0000 - 0x00007ffaf72ab000 	C:\WINDOWS\SYSTEM32\CRYPTBASE.dll
0x00007ffaf1980000 - 0x00007ffaf19b8000 	C:\WINDOWS\SYSTEM32\IPHLPAPI.DLL
0x00007ffaef110000 - 0x00007ffaef126000 	C:\WINDOWS\SYSTEM32\dhcpcsvc6.DLL
0x00007ffaef0f0000 - 0x00007ffaef10a000 	C:\WINDOWS\SYSTEM32\dhcpcsvc.DLL
0x00007ffae1070000 - 0x00007ffae10a7000 	C:\Users\Kumar\AppData\Local\Temp\jna-lenovo\jna274806512854036631.dll
0x000000006e050000 - 0x000000006e07e000 	C:\Users\Kumar\Documents\NetBeansProjects\DigitalSignage\lib\libvlc.dll
0x000000006dda0000 - 0x000000006e04d000 	C:\Users\Kumar\Documents\NetBeansProjects\DigitalSignage\lib\libvlccore.dll
0x000000006dcf0000 - 0x000000006dd92000 	C:\Users\Kumar\Documents\NetBeansProjects\DigitalSignage\lib\plugins\access\libdshow_plugin.dll
0x000000006dcd0000 - 0x000000006dce4000 	C:\Users\Kumar\Documents\NetBeansProjects\DigitalSignage\lib\plugins\audio_output\libdirectsound_plugin.dll
0x000000006dcb0000 - 0x000000006dcc3000 	C:\Users\Kumar\Documents\NetBeansProjects\DigitalSignage\lib\plugins\audio_output\libwaveout_plugin.dll
0x000000006dc90000 - 0x000000006dcaf000 	C:\Users\Kumar\Documents\NetBeansProjects\DigitalSignage\lib\plugins\video_output\libdirect3d_plugin.dll
0x000000006dc70000 - 0x000000006dc8d000 	C:\Users\Kumar\Documents\NetBeansProjects\DigitalSignage\lib\plugins\video_output\libdirectdraw_plugin.dll
0x00007ffae0fd0000 - 0x00007ffae106c000 	C:\WINDOWS\SYSTEM32\DSOUND.DLL
0x00007ffaf2e40000 - 0x00007ffaf2eb0000 	C:\WINDOWS\System32\MMDevApi.dll
0x00007ffaf4b30000 - 0x00007ffaf4cb6000 	C:\WINDOWS\System32\PROPSYS.dll
0x00007ffaf5e50000 - 0x00007ffaf5e77000 	C:\WINDOWS\System32\DEVOBJ.dll
0x000000006dc60000 - 0x000000006dc67000 	C:\Program Files\Java\jdk1.8.0_92\jre\bin\jawt.dll
0x000000006d9e0000 - 0x000000006dc5c000 	C:\Users\Kumar\Documents\NetBeansProjects\DigitalSignage\lib\plugins\access\liblibbluray_plugin.dll
0x000000006d9b0000 - 0x000000006d9d6000 	C:\Users\Kumar\Documents\NetBeansProjects\DigitalSignage\lib\plugins\access\libaccess_bd_plugin.dll
0x000000006d960000 - 0x000000006d9ab000 	C:\Users\Kumar\Documents\NetBeansProjects\DigitalSignage\lib\plugins\access\libdvdnav_plugin.dll
0x000000006d940000 - 0x000000006d95f000 	C:\Users\Kumar\Documents\NetBeansProjects\DigitalSignage\lib\plugins\access\libvdr_plugin.dll
0x000000006d920000 - 0x000000006d938000 	C:\Users\Kumar\Documents\NetBeansProjects\DigitalSignage\lib\plugins\access\libfilesystem_plugin.dll
0x000000006d900000 - 0x000000006d91b000 	C:\Users\Kumar\Documents\NetBeansProjects\DigitalSignage\lib\plugins\stream_filter\libsmooth_plugin.dll
0x000000006d850000 - 0x000000006d8ff000 	C:\Users\Kumar\Documents\NetBeansProjects\DigitalSignage\lib\plugins\stream_filter\libhttplive_plugin.dll
0x000000006d770000 - 0x000000006d844000 	C:\Users\Kumar\Documents\NetBeansProjects\DigitalSignage\lib\plugins\stream_filter\libdash_plugin.dll
0x000000006d740000 - 0x000000006d76b000 	C:\Users\Kumar\Documents\NetBeansProjects\DigitalSignage\lib\plugins\access\libzip_plugin.dll
0x000000006d720000 - 0x000000006d736000 	C:\Users\Kumar\Documents\NetBeansProjects\DigitalSignage\lib\plugins\access\librar_plugin.dll
0x000000006d710000 - 0x000000006d71f000 	C:\Users\Kumar\Documents\NetBeansProjects\DigitalSignage\lib\plugins\stream_filter\librecord_plugin.dll
0x000000006d670000 - 0x000000006d6b2000 	C:\Users\Kumar\Documents\NetBeansProjects\DigitalSignage\lib\plugins\demux\libmp4_plugin.dll
0x000000006d610000 - 0x000000006d669000 	C:\Users\Kumar\Documents\NetBeansProjects\DigitalSignage\lib\plugins\codec\libjpeg_plugin.dll
0x000000006d6f0000 - 0x000000006d701000 	C:\Users\Kumar\Documents\NetBeansProjects\DigitalSignage\lib\plugins\codec\libcdg_plugin.dll
0x000000006d5b0000 - 0x000000006d60c000 	C:\Users\Kumar\Documents\NetBeansProjects\DigitalSignage\lib\plugins\codec\libpng_plugin.dll
0x000000006d430000 - 0x000000006d5ab000 	C:\Users\Kumar\Documents\NetBeansProjects\DigitalSignage\lib\plugins\codec\libschroedinger_plugin.dll
0x000000006d350000 - 0x000000006d425000 	C:\Users\Kumar\Documents\NetBeansProjects\DigitalSignage\lib\plugins\codec\libvorbis_plugin.dll
0x000000006d2f0000 - 0x000000006d34a000 	C:\Users\Kumar\Documents\NetBeansProjects\DigitalSignage\lib\plugins\codec\libtheora_plugin.dll
0x000000006d6d0000 - 0x000000006d6e1000 	C:\Users\Kumar\Documents\NetBeansProjects\DigitalSignage\lib\plugins\codec\libdts_plugin.dll
0x000000006d2d0000 - 0x000000006d2e5000 	C:\Users\Kumar\Documents\NetBeansProjects\DigitalSignage\lib\plugins\codec\libaraw_plugin.dll
0x000000006d2b0000 - 0x000000006d2c7000 	C:\Users\Kumar\Documents\NetBeansProjects\DigitalSignage\lib\plugins\codec\libsubstx3g_plugin.dll
0x000000006d230000 - 0x000000006d2a4000 	C:\Users\Kumar\Documents\NetBeansProjects\DigitalSignage\lib\plugins\codec\libflac_plugin.dll
0x000000006d210000 - 0x000000006d223000 	C:\Users\Kumar\Documents\NetBeansProjects\DigitalSignage\lib\plugins\codec\libg711_plugin.dll
0x000000006d6c0000 - 0x000000006d6d0000 	C:\Users\Kumar\Documents\NetBeansProjects\DigitalSignage\lib\plugins\codec\libaes3_plugin.dll
0x000000006d1d0000 - 0x000000006d209000 	C:\Users\Kumar\Documents\NetBeansProjects\DigitalSignage\lib\plugins\codec\libspeex_plugin.dll
0x000000006cee0000 - 0x000000006d1c9000 	C:\Users\Kumar\Documents\NetBeansProjects\DigitalSignage\lib\plugins\codec\liblibass_plugin.dll
0x000000006ce70000 - 0x000000006cedf000 	C:\Users\Kumar\Documents\NetBeansProjects\DigitalSignage\lib\plugins\codec\libfaad_plugin.dll
0x000000006ce50000 - 0x000000006ce61000 	C:\Users\Kumar\Documents\NetBeansProjects\DigitalSignage\lib\plugins\codec\liba52_plugin.dll
0x000000006ce40000 - 0x000000006ce50000 	C:\Users\Kumar\Documents\NetBeansProjects\DigitalSignage\lib\plugins\codec\libmpeg_audio_plugin.dll
0x000000006ce20000 - 0x000000006ce31000 	C:\Users\Kumar\Documents\NetBeansProjects\DigitalSignage\lib\plugins\codec\liblpcm_plugin.dll
0x000000006cda0000 - 0x000000006ce17000 	C:\Users\Kumar\Documents\NetBeansProjects\DigitalSignage\lib\plugins\codec\libopus_plugin.dll
0x000000006cd70000 - 0x000000006cd99000 	C:\Users\Kumar\Documents\NetBeansProjects\DigitalSignage\lib\plugins\codec\libdvbsub_plugin.dll
0x000000006cd50000 - 0x000000006cd61000 	C:\Users\Kumar\Documents\NetBeansProjects\DigitalSignage\lib\plugins\codec\libspudec_plugin.dll
0x000000006b770000 - 0x000000006cd49000 	C:\Users\Kumar\Documents\NetBeansProjects\DigitalSignage\lib\plugins\codec\libavcodec_plugin.dll
0x000000006b5d0000 - 0x000000006b761000 	C:\Users\Kumar\Documents\NetBeansProjects\DigitalSignage\lib\plugins\meta_engine\libtaglib_plugin.dll
0x000000006b570000 - 0x000000006b5cc000 	C:\Users\Kumar\Documents\NetBeansProjects\DigitalSignage\lib\plugins\lua\liblua_plugin.dll
0x000000006b480000 - 0x000000006b568000 	C:\Users\Kumar\Documents\NetBeansProjects\DigitalSignage\lib\plugins\text_renderer\libfreetype_plugin.dll
0x000000006b460000 - 0x000000006b475000 	C:\Users\Kumar\Documents\NetBeansProjects\DigitalSignage\lib\plugins\video_chroma\libi420_yuy2_sse2_plugin.dll
0x000000006b440000 - 0x000000006b452000 	C:\Users\Kumar\Documents\NetBeansProjects\DigitalSignage\lib\plugins\video_chroma\libi420_yuy2_mmx_plugin.dll
0x000000006b360000 - 0x000000006b43b000 	C:\Users\Kumar\Documents\NetBeansProjects\DigitalSignage\lib\plugins\video_chroma\libswscale_plugin.dll
0x000000006b340000 - 0x000000006b353000 	C:\Users\Kumar\Documents\NetBeansProjects\DigitalSignage\lib\plugins\video_chroma\libi422_yuy2_sse2_plugin.dll
0x000000006b310000 - 0x000000006b339000 	C:\Users\Kumar\Documents\NetBeansProjects\DigitalSignage\lib\plugins\video_chroma\libi420_rgb_sse2_plugin.dll
0x000000006b2f0000 - 0x000000006b309000 	C:\Users\Kumar\Documents\NetBeansProjects\DigitalSignage\lib\plugins\video_chroma\libi420_rgb_mmx_plugin.dll
0x000000006b2d0000 - 0x000000006b2e1000 	C:\Users\Kumar\Documents\NetBeansProjects\DigitalSignage\lib\plugins\video_chroma\libi422_yuy2_mmx_plugin.dll
0x000000006b2b0000 - 0x000000006b2c4000 	C:\Users\Kumar\Documents\NetBeansProjects\DigitalSignage\lib\plugins\video_chroma\libyuy2_i422_plugin.dll
0x000000006b290000 - 0x000000006b2a1000 	C:\Users\Kumar\Documents\NetBeansProjects\DigitalSignage\lib\plugins\video_chroma\libgrey_yuv_plugin.dll
0x000000006b270000 - 0x000000006b288000 	C:\Users\Kumar\Documents\NetBeansProjects\DigitalSignage\lib\plugins\video_chroma\libyuy2_i420_plugin.dll
0x000000006b250000 - 0x000000006b263000 	C:\Users\Kumar\Documents\NetBeansProjects\DigitalSignage\lib\plugins\video_chroma\libi422_yuy2_plugin.dll
0x000000006b230000 - 0x000000006b246000 	C:\Users\Kumar\Documents\NetBeansProjects\DigitalSignage\lib\plugins\video_chroma\libi420_yuy2_plugin.dll

VM Arguments:
jvm_args: -Xbootclasspath/p:C:\Program Files\Java\jdk1.8.0_92\jre\lib\javaws.jar -Dfile.encoding=UTF-8 
java_command: com.components.Home
java_class_path (initial): C:\Users\Kumar\Documents\NetBeansProjects\DigitalSignage\lib\mysql-connector-java-5.1.18-bin.jar;C:\Users\Kumar\Documents\NetBeansProjects\DigitalSignage\lib\rs2xml.jar;C:\Users\Kumar\Documents\NetBeansProjects\DigitalSignage\lib\customizer.jar;C:\Users\Kumar\Documents\NetBeansProjects\DigitalSignage\lib\jmf.jar;C:\Users\Kumar\Documents\NetBeansProjects\DigitalSignage\lib\sound.jar;C:\Users\Kumar\Documents\NetBeansProjects\DigitalSignage\lib\vlcj-2.3.1.jar;C:\Users\Kumar\Documents\NetBeansProjects\DigitalSignage\lib\AnimatonClass.jar;C:\Users\Kumar\Documents\NetBeansProjects\DigitalSignage\lib\jna-3.5.2-javadoc.jar;C:\Users\Kumar\Documents\NetBeansProjects\DigitalSignage\lib\jna-3.5.2.jar;C:\Users\Kumar\Documents\NetBeansProjects\DigitalSignage\lib\vlcj-3.0.1-javadoc.jar;C:\Users\Kumar\Documents\NetBeansProjects\DigitalSignage\lib\vlcj-3.0.1-sources.jar;C:\Users\Kumar\Documents\NetBeansProjects\DigitalSignage\lib\vlcj-3.0.1.jar;C:\Users\Kumar\Documents\NetBeansProjects\DigitalSignage\lib\absolutelayout\AbsoluteLayout.jar;C:\Users\Kumar\Documents\NetBeansProjects\DigitalSignage\lib\commons-io-2.4.jar;C:\Users\Kumar\Documents\NetBeansProjects\DigitalSignage\build\classes
Launcher Type: SUN_STANDARD

Environment Variables:
PATH=C:\ProgramData\Oracle\Java\javapath;C:\Program Files (x86)\Lenovo\FusionEngine;C:\Program Files (x86)\Intel\iCLS Client\;C:\Program Files\Intel\iCLS Client\;C:\WINDOWS\system32;C:\WINDOWS;C:\WINDOWS\System32\Wbem;C:\WINDOWS\System32\WindowsPowerShell\v1.0\;C:\Program Files\Intel\Intel(R) Management Engine Components\DAL;C:\Program Files\Intel\Intel(R) Management Engine Components\IPT;C:\Program Files (x86)\Intel\Intel(R) Management Engine Components\DAL;C:\Program Files (x86)\Intel\Intel(R) Management Engine Components\IPT;C:\Program Files (x86)\Common Files\lenovo\easyplussdk\bin;C:\Program Files\Java\jdk1.8.0_92\bin;C:\Program Files (x86)\Skype\Phone\;C:\Program Files\MySQL\MySQL Server 5.6\bin
USERNAME=lenovo
OS=Windows_NT
PROCESSOR_IDENTIFIER=Intel64 Family 6 Model 69 Stepping 1, GenuineIntel



---------------  S Y S T E M  ---------------

OS: Windows 10.0 , 64 bit Build 10586 (10.0.10586.0)

CPU:total 4 (2 cores per cpu, 2 threads per core) family 6 model 69 stepping 1, cmov, cx8, fxsr, mmx, sse, sse2, sse3, ssse3, sse4.1, sse4.2, popcnt, avx, avx2, aes, clmul, erms, lzcnt, ht, tsc, tscinvbit, bmi1, bmi2

Memory: 4k page, physical 4083992k(1796092k free), swap 12443928k(9318668k free)

vm_info: Java HotSpot(TM) 64-Bit Server VM (25.92-b14) for windows-amd64 JRE (1.8.0_92-b14), built on Mar 31 2016 21:03:04 by "java_re" with MS VC++ 10.0 (VS2010)

time: Sun Aug 28 07:05:04 2016
elapsed time: 74 seconds (0d 0h 1m 14s)

